  rosserial_wiseglove.cpp
c:\documents\rosserial_wiseglove\rosserial_wiseglove\ros_lib\rosserial_msgs/TopicInfo.h(49): warning C4267: “初始化”: 从“size_t”转换到“uint32_t”，可能丢失数据
c:\documents\rosserial_wiseglove\rosserial_wiseglove\ros_lib\rosserial_msgs/TopicInfo.h(54): warning C4267: “初始化”: 从“size_t”转换到“uint32_t”，可能丢失数据
c:\documents\rosserial_wiseglove\rosserial_wiseglove\ros_lib\rosserial_msgs/TopicInfo.h(59): warning C4267: “初始化”: 从“size_t”转换到“uint32_t”，可能丢失数据
c:\documents\rosserial_wiseglove\rosserial_wiseglove\ros_lib\rosserial_msgs/Log.h(36): warning C4267: “初始化”: 从“size_t”转换到“uint32_t”，可能丢失数据
c:\documents\rosserial_wiseglove\rosserial_wiseglove\ros_lib\rosserial_msgs/RequestParam.h(27): warning C4267: “初始化”: 从“size_t”转换到“uint32_t”，可能丢失数据
c:\documents\rosserial_wiseglove\rosserial_wiseglove\ros_lib\rosserial_msgs/RequestParam.h(121): warning C4267: “初始化”: 从“size_t”转换到“uint32_t”，可能丢失数据
C:\Documents\rosserial_wiseglove\rosserial_wiseglove\ros_lib\std_msgs/Header.h(48): warning C4267: “初始化”: 从“size_t”转换到“uint32_t”，可能丢失数据
rosserial_wiseglove.cpp(233): warning C4018: “<”: 有符号/无符号不匹配
rosserial_wiseglove.cpp(236): warning C4018: “<”: 有符号/无符号不匹配
rosserial_wiseglove.cpp(290): warning C4267: “=”: 从“size_t”转换到“uint32_t”，可能丢失数据
rosserial_wiseglove.cpp(292): warning C4267: “=”: 从“size_t”转换到“uint32_t”，可能丢失数据
rosserial_wiseglove.cpp(295): warning C4267: “=”: 从“size_t”转换到“uint32_t”，可能丢失数据
rosserial_wiseglove.cpp(297): warning C4267: “=”: 从“size_t”转换到“uint32_t”，可能丢失数据
  正在生成代码
  1 of 255 functions ( 0.4%) were compiled, the rest were copied from previous compilation.
    0 functions were new in current compilation
    0 functions had inline decision re-evaluated but remain unchanged
  已完成代码的生成
  rosserial_wiseglove.vcxproj -> C:\Documents\rosserial_wiseglove\rosserial_wiseglove\x64\Release\rosserial_wiseglove.exe
  rosserial_wiseglove.vcxproj -> C:\Documents\rosserial_wiseglove\rosserial_wiseglove\x64\Release\rosserial_wiseglove.pdb (Full PDB)
